<?xml version="1.0" encoding="UTF-8"?>
<!-- Generated by org.testng.reporters.JUnitReportReporter -->
<testsuite hostname="Admin-PC" failures="0" tests="2" name="org.example.Testcase.LoginToStore2" time="4.966" errors="0" timestamp="2023-01-14T12:24:01 GMT+07:00" skipped="0">
  <testcase classname="org.example.Testcase.LoginToStore2" name="TC_02_GoToPosOnline" time="3.564"/>
  <system-out/>
  <testcase classname="org.example.Testcase.LoginToStore2" name="TC_01_getUserNameAndPass" time="1.402"/>
  <system-out/>
</testsuite> <!-- org.example.Testcase.LoginToStore2 -->
