<?xml version="1.0" encoding="UTF-8"?>
<!-- Generated by org.testng.reporters.JUnitReportReporter -->
<testsuite hostname="Admin-PC" failures="0" tests="3" name="org.example.Testcase.LoginToStore2" time="13.094" errors="0" timestamp="2023-01-14T11:54:04 GMT+07:00" skipped="0">
  <testcase classname="org.example.Testcase.LoginToStore2" name="TC_01_getUserNameAndPass" time="3.013"/>
  <system-out/>
  <testcase classname="org.example.Testcase.LoginToStore2" name="TC_02_GoToPosOnline" time="2.510"/>
  <system-out/>
  <testcase classname="org.example.Testcase.LoginToStore2" name="TC_03_TiktokAddSeller" time="7.571"/>
  <system-out/>
</testsuite> <!-- org.example.Testcase.LoginToStore2 -->
