<?xml version="1.0" encoding="UTF-8"?>
<!-- Generated by org.testng.reporters.JUnitReportReporter -->
<testsuite hostname="Admin-PC" failures="0" tests="4" name="org.example.Testcase.LogInStore" time="18.157" errors="0" timestamp="2023-01-13T19:14:09 GMT+07:00" skipped="0">
  <testcase classname="org.example.Testcase.LogInStore" name="TC_03_GoToPosOnline" time="3.299"/>
  <system-out/>
  <testcase classname="org.example.Testcase.LogInStore" name="TC_01_ClickToLogin" time="2.118"/>
  <system-out/>
  <testcase classname="org.example.Testcase.LogInStore" name="TC_04_TiktokAddSeller" time="8.850"/>
  <system-out/>
  <testcase classname="org.example.Testcase.LogInStore" name="TC_02_GoToStore" time="3.890"/>
  <system-out/>
</testsuite> <!-- org.example.Testcase.LogInStore -->
